<?xml version="1.0" ?>
<coverage version="7.8.0" timestamp="1747082797407" lines-valid="6" lines-covered="5" line-rate="0.8333" branches-covered="0" branches-valid="0" branch-rate="0" complexity="0">
	<!-- Generated by coverage.py: https://coverage.readthedocs.io/en/7.8.0 -->
	<!-- Based on https://raw.githubusercontent.com/cobertura/web/master/htdocs/xml/coverage-04.dtd -->
	<sources>
		<source>D:\Dream.os\test_migration\src</source>
	</sources>
	<packages>
		<package name="." line-rate="0.8333" branch-rate="0" complexity="0">
			<classes>
				<class name="example.py" filename="example.py" complexity="0" line-rate="0.8333" branch-rate="0">
					<methods/>
					<lines>
						<line number="4" hits="1"/>
						<line number="6" hits="1"/>
						<line number="9" hits="1"/>
						<line number="11" hits="1"/>
						<line number="14" hits="1"/>
						<line number="15" hits="0"/>
					</lines>
				</class>
			</classes>
		</package>
	</packages>
</coverage>
